{"contracts\\DuckToken.sol":{"l":{"18":3,"19":3,"23":1,"27":40,"28":40,"29":40,"33":15,"34":0,"35":0,"38":15},"path":"C:\\Users\\romuc\\Desktop\\DuckFarming_Contracts\\contracts\\DuckToken.sol","s":{"1":3,"2":3,"3":1,"4":40,"5":40,"6":40,"7":15,"8":0,"9":0,"10":15},"b":{"1":[40,0],"2":[0,15]},"f":{"1":3,"2":1,"3":40,"4":15},"fnMap":{"1":{"name":"constructor","line":17,"loc":{"start":{"line":17,"column":1},"end":{"line":20,"column":1}}},"2":{"name":"addLiquidityPool","line":22,"loc":{"start":{"line":22,"column":1},"end":{"line":24,"column":1}}},"3":{"name":"mint","line":26,"loc":{"start":{"line":26,"column":1},"end":{"line":30,"column":2}}},"4":{"name":"transfer","line":32,"loc":{"start":{"line":32,"column":2},"end":{"line":39,"column":2}}}},"statementMap":{"1":{"start":{"line":18,"column":2},"end":{"line":18,"column":37}},"2":{"start":{"line":19,"column":2},"end":{"line":19,"column":31}},"3":{"start":{"line":23,"column":2},"end":{"line":23,"column":37}},"4":{"start":{"line":27,"column":2},"end":{"line":27,"column":85}},"5":{"start":{"line":28,"column":2},"end":{"line":28,"column":29}},"6":{"start":{"line":29,"column":8},"end":{"line":29,"column":24}},"7":{"start":{"line":33,"column":3},"end":{"line":33,"column":1102}},"8":{"start":{"line":34,"column":5},"end":{"line":34,"column":29}},"9":{"start":{"line":35,"column":5},"end":{"line":35,"column":16}},"10":{"start":{"line":38,"column":3},"end":{"line":38,"column":43}}},"branchMap":{"1":{"line":27,"type":"if","locations":[{"start":{"line":27,"column":2},"end":{"line":27,"column":2}},{"start":{"line":27,"column":2},"end":{"line":27,"column":2}}]},"2":{"line":33,"type":"if","locations":[{"start":{"line":33,"column":3},"end":{"line":33,"column":3}},{"start":{"line":33,"column":3},"end":{"line":33,"column":3}}]}}},"contracts\\Pool.sol":{"l":{"78":14,"79":12,"83":1,"84":1,"86":1,"87":1,"88":1,"90":1,"91":1,"93":1,"94":6,"95":6,"98":1,"103":9,"104":8,"107":7,"108":7,"115":7,"116":7,"121":27,"122":5,"125":22,"127":22,"128":22,"129":2,"130":2,"133":20,"134":20,"135":20,"136":20,"138":20,"141":20,"146":0,"147":0,"149":0,"150":0,"151":0,"154":0,"156":0,"161":8,"162":6,"164":6,"166":6,"167":1,"168":1,"169":1,"173":6,"174":6,"176":6,"178":6,"184":16,"186":16,"188":14,"190":14,"191":14,"192":14,"195":14,"196":3,"197":3,"200":14,"201":14,"206":0,"207":0,"208":0,"209":0,"210":0,"215":1,"216":1,"217":1,"224":21,"225":21,"227":21,"228":22,"229":0,"232":22,"234":22,"235":1,"236":1,"238":21,"239":1,"241":20,"244":21,"248":21,"253":15,"254":15,"255":0,"257":15,"268":3,"274":3,"279":22,"281":22,"282":26,"283":9,"284":9,"286":9,"293":9,"294":9,"295":3,"298":6,"299":6,"301":0},"path":"C:\\Users\\romuc\\Desktop\\DuckFarming_Contracts\\contracts\\Pool.sol","s":{"1":14,"2":1,"3":1,"4":1,"5":1,"6":1,"7":1,"8":1,"9":1,"10":6,"11":6,"12":1,"13":9,"14":8,"15":7,"16":7,"17":7,"18":7,"19":27,"20":5,"21":22,"22":22,"23":22,"24":2,"25":2,"26":20,"27":20,"28":20,"29":20,"30":20,"31":20,"32":0,"33":0,"34":0,"35":0,"36":0,"37":0,"38":0,"39":8,"40":6,"41":6,"42":6,"43":1,"44":1,"45":1,"46":6,"47":6,"48":6,"49":6,"50":16,"51":16,"52":14,"53":14,"54":14,"55":14,"56":14,"57":3,"58":3,"59":14,"60":14,"61":0,"62":0,"63":0,"64":0,"65":0,"66":1,"67":1,"68":1,"69":21,"70":21,"71":21,"72":22,"73":22,"74":22,"75":1,"76":1,"77":21,"78":1,"79":20,"80":21,"81":15,"82":15,"83":0,"84":15,"85":3,"86":3,"87":22,"88":22,"89":26,"90":9,"91":9,"92":9,"93":9,"94":9,"95":3,"96":6,"97":6,"98":0},"b":{"1":[12,2],"2":[1,0],"3":[1,0],"4":[8,1],"5":[6,2],"6":[5,22],"7":[2,20],"8":[20,0],"9":[0,0],"10":[6,2],"11":[1,5],"12":[1,0],"13":[14,2],"14":[14,0],"15":[3,11],"16":[1,0],"17":[0,22],"18":[1,21],"19":[1,20],"20":[0,15],"21":[9,17],"22":[3,6],"23":[6,0]},"f":{"1":14,"2":1,"3":9,"4":27,"5":0,"6":8,"7":16,"8":0,"9":1,"10":21,"11":15,"12":3,"13":22,"14":9},"fnMap":{"1":{"name":"onlyController","line":77,"loc":{"start":{"line":77,"column":1},"end":{"line":80,"column":1}}},"2":{"name":"constructor","line":82,"loc":{"start":{"line":82,"column":1},"end":{"line":99,"column":1}}},"3":{"name":"addPeriod","line":102,"loc":{"start":{"line":102,"column":1},"end":{"line":117,"column":1}}},"4":{"name":"updatePool","line":120,"loc":{"start":{"line":120,"column":2},"end":{"line":142,"column":2}}},"5":{"name":"getUserPendingReward","line":145,"loc":{"start":{"line":145,"column":2},"end":{"line":157,"column":2}}},"6":{"name":"deposit","line":160,"loc":{"start":{"line":160,"column":2},"end":{"line":179,"column":2}}},"7":{"name":"withdraw","line":182,"loc":{"start":{"line":182,"column":2},"end":{"line":202,"column":2}}},"8":{"name":"emergencyWithdraw","line":205,"loc":{"start":{"line":205,"column":2},"end":{"line":211,"column":2}}},"9":{"name":"getCurrentPeriodIndex","line":214,"loc":{"start":{"line":214,"column":2},"end":{"line":220,"column":2}}},"10":{"name":"calculateDuckTokensForMint","line":223,"loc":{"start":{"line":223,"column":2},"end":{"line":249,"column":2}}},"11":{"name":"safeDuckTransfer","line":252,"loc":{"start":{"line":252,"column":2},"end":{"line":259,"column":2}}},"12":{"name":"addRevenue","line":266,"loc":{"start":{"line":266,"column":2},"end":{"line":275,"column":2}}},"13":{"name":"claimRevenue","line":278,"loc":{"start":{"line":278,"column":2},"end":{"line":289,"column":2}}},"14":{"name":"safeRevenueTransfer","line":292,"loc":{"start":{"line":292,"column":2},"end":{"line":303,"column":2}}}},"statementMap":{"1":{"start":{"line":78,"column":2},"end":{"line":78,"column":61}},"2":{"start":{"line":83,"column":4},"end":{"line":83,"column":44}},"3":{"start":{"line":84,"column":4},"end":{"line":84,"column":69}},"4":{"start":{"line":86,"column":2},"end":{"line":86,"column":40}},"5":{"start":{"line":87,"column":4},"end":{"line":87,"column":38}},"6":{"start":{"line":88,"column":2},"end":{"line":88,"column":27}},"7":{"start":{"line":90,"column":4},"end":{"line":90,"column":61}},"8":{"start":{"line":91,"column":4},"end":{"line":91,"column":66}},"9":{"start":{"line":93,"column":4},"end":{"line":93,"column":2985}},"10":{"start":{"line":94,"column":6},"end":{"line":94,"column":66}},"11":{"start":{"line":95,"column":6},"end":{"line":95,"column":65}},"12":{"start":{"line":98,"column":4},"end":{"line":98,"column":35}},"13":{"start":{"line":103,"column":4},"end":{"line":103,"column":3405}},"14":{"start":{"line":104,"column":6},"end":{"line":104,"column":139}},"15":{"start":{"line":107,"column":2},"end":{"line":107,"column":49}},"16":{"start":{"line":108,"column":2},"end":{"line":108,"column":3637}},"17":{"start":{"line":115,"column":2},"end":{"line":115,"column":24}},"18":{"start":{"line":116,"column":4},"end":{"line":116,"column":56}},"19":{"start":{"line":121,"column":4},"end":{"line":121,"column":4002}},"20":{"start":{"line":122,"column":6},"end":{"line":122,"column":12}},"21":{"start":{"line":125,"column":4},"end":{"line":125,"column":27}},"22":{"start":{"line":127,"column":4},"end":{"line":127,"column":55}},"23":{"start":{"line":128,"column":4},"end":{"line":128,"column":4162}},"24":{"start":{"line":129,"column":6},"end":{"line":129,"column":35}},"25":{"start":{"line":130,"column":6},"end":{"line":130,"column":12}},"26":{"start":{"line":133,"column":4},"end":{"line":133,"column":53}},"27":{"start":{"line":134,"column":4},"end":{"line":134,"column":4308}},"28":{"start":{"line":135,"column":6},"end":{"line":135,"column":73}},"29":{"start":{"line":136,"column":6},"end":{"line":136,"column":64}},"30":{"start":{"line":138,"column":6},"end":{"line":138,"column":95}},"31":{"start":{"line":141,"column":4},"end":{"line":141,"column":33}},"32":{"start":{"line":146,"column":4},"end":{"line":146,"column":49}},"33":{"start":{"line":147,"column":4},"end":{"line":147,"column":53}},"34":{"start":{"line":149,"column":4},"end":{"line":149,"column":55}},"35":{"start":{"line":150,"column":4},"end":{"line":150,"column":4943}},"36":{"start":{"line":151,"column":6},"end":{"line":151,"column":14}},"37":{"start":{"line":154,"column":4},"end":{"line":154,"column":100}},"38":{"start":{"line":156,"column":4},"end":{"line":156,"column":75}},"39":{"start":{"line":161,"column":4},"end":{"line":161,"column":55}},"40":{"start":{"line":162,"column":4},"end":{"line":162,"column":48}},"41":{"start":{"line":164,"column":4},"end":{"line":164,"column":15}},"42":{"start":{"line":166,"column":4},"end":{"line":166,"column":5424}},"43":{"start":{"line":167,"column":6},"end":{"line":167,"column":87}},"44":{"start":{"line":168,"column":6},"end":{"line":168,"column":5546}},"45":{"start":{"line":169,"column":8},"end":{"line":169,"column":44}},"46":{"start":{"line":173,"column":4},"end":{"line":173,"column":40}},"47":{"start":{"line":174,"column":4},"end":{"line":174,"column":62}},"48":{"start":{"line":176,"column":4},"end":{"line":176,"column":63}},"49":{"start":{"line":178,"column":4},"end":{"line":178,"column":36}},"50":{"start":{"line":184,"column":4},"end":{"line":184,"column":48}},"51":{"start":{"line":186,"column":4},"end":{"line":186,"column":55}},"52":{"start":{"line":188,"column":4},"end":{"line":188,"column":15}},"53":{"start":{"line":190,"column":4},"end":{"line":190,"column":85}},"54":{"start":{"line":191,"column":4},"end":{"line":191,"column":6192}},"55":{"start":{"line":192,"column":6},"end":{"line":192,"column":42}},"56":{"start":{"line":195,"column":4},"end":{"line":195,"column":6274}},"57":{"start":{"line":196,"column":6},"end":{"line":196,"column":54}},"58":{"start":{"line":197,"column":6},"end":{"line":197,"column":42}},"59":{"start":{"line":200,"column":4},"end":{"line":200,"column":63}},"60":{"start":{"line":201,"column":4},"end":{"line":201,"column":37}},"61":{"start":{"line":206,"column":4},"end":{"line":206,"column":48}},"62":{"start":{"line":207,"column":4},"end":{"line":207,"column":57}},"63":{"start":{"line":208,"column":4},"end":{"line":208,"column":56}},"64":{"start":{"line":209,"column":4},"end":{"line":209,"column":18}},"65":{"start":{"line":210,"column":4},"end":{"line":210,"column":22}},"66":{"start":{"line":215,"column":3},"end":{"line":215,"column":6961}},"67":{"start":{"line":216,"column":4},"end":{"line":216,"column":7010}},"68":{"start":{"line":217,"column":5},"end":{"line":217,"column":13}},"69":{"start":{"line":224,"column":3},"end":{"line":224,"column":19}},"70":{"start":{"line":225,"column":3},"end":{"line":225,"column":17}},"71":{"start":{"line":227,"column":3},"end":{"line":227,"column":7330}},"72":{"start":{"line":228,"column":4},"end":{"line":228,"column":7379}},"73":{"start":{"line":232,"column":4},"end":{"line":232,"column":62}},"74":{"start":{"line":234,"column":4},"end":{"line":234,"column":7519}},"75":{"start":{"line":235,"column":5},"end":{"line":235,"column":74}},"76":{"start":{"line":236,"column":5},"end":{"line":236,"column":20}},"77":{"start":{"line":238,"column":5},"end":{"line":238,"column":7692}},"78":{"start":{"line":239,"column":6},"end":{"line":239,"column":93}},"79":{"start":{"line":241,"column":6},"end":{"line":241,"column":84}},"80":{"start":{"line":248,"column":4},"end":{"line":248,"column":22}},"81":{"start":{"line":253,"column":4},"end":{"line":253,"column":51}},"82":{"start":{"line":254,"column":4},"end":{"line":254,"column":8208}},"83":{"start":{"line":255,"column":6},"end":{"line":255,"column":31}},"84":{"start":{"line":257,"column":6},"end":{"line":257,"column":30}},"85":{"start":{"line":268,"column":4},"end":{"line":268,"column":8762}},"86":{"start":{"line":274,"column":4},"end":{"line":274,"column":25}},"87":{"start":{"line":279,"column":4},"end":{"line":279,"column":49}},"88":{"start":{"line":281,"column":4},"end":{"line":281,"column":9158}},"89":{"start":{"line":282,"column":6},"end":{"line":282,"column":9211}},"90":{"start":{"line":283,"column":8},"end":{"line":283,"column":45}},"91":{"start":{"line":284,"column":8},"end":{"line":284,"column":91}},"92":{"start":{"line":286,"column":8},"end":{"line":286,"column":78}},"93":{"start":{"line":293,"column":4},"end":{"line":293,"column":64}},"94":{"start":{"line":294,"column":4},"end":{"line":294,"column":9718}},"95":{"start":{"line":295,"column":6},"end":{"line":295,"column":12}},"96":{"start":{"line":298,"column":4},"end":{"line":298,"column":9781}},"97":{"start":{"line":299,"column":6},"end":{"line":299,"column":46}},"98":{"start":{"line":301,"column":6},"end":{"line":301,"column":47}}},"branchMap":{"1":{"line":78,"type":"if","locations":[{"start":{"line":78,"column":2},"end":{"line":78,"column":2}},{"start":{"line":78,"column":2},"end":{"line":78,"column":2}}]},"2":{"line":83,"type":"if","locations":[{"start":{"line":83,"column":4},"end":{"line":83,"column":4}},{"start":{"line":83,"column":4},"end":{"line":83,"column":4}}]},"3":{"line":84,"type":"if","locations":[{"start":{"line":84,"column":4},"end":{"line":84,"column":4}},{"start":{"line":84,"column":4},"end":{"line":84,"column":4}}]},"4":{"line":103,"type":"if","locations":[{"start":{"line":103,"column":4},"end":{"line":103,"column":4}},{"start":{"line":103,"column":4},"end":{"line":103,"column":4}}]},"5":{"line":104,"type":"if","locations":[{"start":{"line":104,"column":6},"end":{"line":104,"column":6}},{"start":{"line":104,"column":6},"end":{"line":104,"column":6}}]},"6":{"line":121,"type":"if","locations":[{"start":{"line":121,"column":4},"end":{"line":121,"column":4}},{"start":{"line":121,"column":4},"end":{"line":121,"column":4}}]},"7":{"line":128,"type":"if","locations":[{"start":{"line":128,"column":4},"end":{"line":128,"column":4}},{"start":{"line":128,"column":4},"end":{"line":128,"column":4}}]},"8":{"line":134,"type":"if","locations":[{"start":{"line":134,"column":4},"end":{"line":134,"column":4}},{"start":{"line":134,"column":4},"end":{"line":134,"column":4}}]},"9":{"line":150,"type":"if","locations":[{"start":{"line":150,"column":4},"end":{"line":150,"column":4}},{"start":{"line":150,"column":4},"end":{"line":150,"column":4}}]},"10":{"line":161,"type":"if","locations":[{"start":{"line":161,"column":4},"end":{"line":161,"column":4}},{"start":{"line":161,"column":4},"end":{"line":161,"column":4}}]},"11":{"line":166,"type":"if","locations":[{"start":{"line":166,"column":4},"end":{"line":166,"column":4}},{"start":{"line":166,"column":4},"end":{"line":166,"column":4}}]},"12":{"line":168,"type":"if","locations":[{"start":{"line":168,"column":6},"end":{"line":168,"column":6}},{"start":{"line":168,"column":6},"end":{"line":168,"column":6}}]},"13":{"line":186,"type":"if","locations":[{"start":{"line":186,"column":4},"end":{"line":186,"column":4}},{"start":{"line":186,"column":4},"end":{"line":186,"column":4}}]},"14":{"line":191,"type":"if","locations":[{"start":{"line":191,"column":4},"end":{"line":191,"column":4}},{"start":{"line":191,"column":4},"end":{"line":191,"column":4}}]},"15":{"line":195,"type":"if","locations":[{"start":{"line":195,"column":4},"end":{"line":195,"column":4}},{"start":{"line":195,"column":4},"end":{"line":195,"column":4}}]},"16":{"line":216,"type":"if","locations":[{"start":{"line":216,"column":4},"end":{"line":216,"column":4}},{"start":{"line":216,"column":4},"end":{"line":216,"column":4}}]},"17":{"line":228,"type":"if","locations":[{"start":{"line":228,"column":4},"end":{"line":228,"column":4}},{"start":{"line":228,"column":4},"end":{"line":228,"column":4}}]},"18":{"line":234,"type":"if","locations":[{"start":{"line":234,"column":4},"end":{"line":234,"column":4}},{"start":{"line":234,"column":4},"end":{"line":234,"column":4}}]},"19":{"line":238,"type":"if","locations":[{"start":{"line":238,"column":5},"end":{"line":238,"column":5}},{"start":{"line":238,"column":5},"end":{"line":238,"column":5}}]},"20":{"line":254,"type":"if","locations":[{"start":{"line":254,"column":4},"end":{"line":254,"column":4}},{"start":{"line":254,"column":4},"end":{"line":254,"column":4}}]},"21":{"line":282,"type":"if","locations":[{"start":{"line":282,"column":6},"end":{"line":282,"column":6}},{"start":{"line":282,"column":6},"end":{"line":282,"column":6}}]},"22":{"line":294,"type":"if","locations":[{"start":{"line":294,"column":4},"end":{"line":294,"column":4}},{"start":{"line":294,"column":4},"end":{"line":294,"column":4}}]},"23":{"line":298,"type":"if","locations":[{"start":{"line":298,"column":4},"end":{"line":298,"column":4}},{"start":{"line":298,"column":4},"end":{"line":298,"column":4}}]}}},"contracts\\PoolController.sol":{"l":{"23":3,"24":3,"29":1,"30":1,"32":1,"33":1,"35":1,"40":2,"45":3,"50":40,"51":40},"path":"C:\\Users\\romuc\\Desktop\\DuckFarming_Contracts\\contracts\\PoolController.sol","s":{"1":3,"2":3,"3":1,"4":1,"5":1,"6":1,"7":1,"8":2,"9":3,"10":40,"11":40},"b":{"1":[40,0]},"f":{"1":3,"2":1,"3":2,"4":3,"5":40},"fnMap":{"1":{"name":"constructor","line":22,"loc":{"start":{"line":22,"column":1},"end":{"line":25,"column":1}}},"2":{"name":"newPool","line":28,"loc":{"start":{"line":28,"column":1},"end":{"line":36,"column":1}}},"3":{"name":"addPeriod","line":39,"loc":{"start":{"line":39,"column":1},"end":{"line":41,"column":1}}},"4":{"name":"addRevenue","line":44,"loc":{"start":{"line":44,"column":1},"end":{"line":46,"column":1}}},"5":{"name":"mint","line":49,"loc":{"start":{"line":49,"column":1},"end":{"line":52,"column":1}}}},"statementMap":{"1":{"start":{"line":23,"column":2},"end":{"line":23,"column":36}},"2":{"start":{"line":24,"column":2},"end":{"line":24,"column":25}},"3":{"start":{"line":29,"column":2},"end":{"line":29,"column":71}},"4":{"start":{"line":30,"column":2},"end":{"line":30,"column":17}},"5":{"start":{"line":32,"column":2},"end":{"line":32,"column":30}},"6":{"start":{"line":33,"column":2},"end":{"line":33,"column":31}},"7":{"start":{"line":35,"column":2},"end":{"line":35,"column":38}},"8":{"start":{"line":40,"column":2},"end":{"line":40,"column":65}},"9":{"start":{"line":45,"column":5},"end":{"line":45,"column":53}},"10":{"start":{"line":50,"column":2},"end":{"line":50,"column":43}},"11":{"start":{"line":51,"column":2},"end":{"line":51,"column":21}}},"branchMap":{"1":{"line":50,"type":"if","locations":[{"start":{"line":50,"column":2},"end":{"line":50,"column":2}},{"start":{"line":50,"column":2},"end":{"line":50,"column":2}}]}}},"contracts\\TestToken.sol":{"l":{"9":4,"13":0},"path":"C:\\Users\\romuc\\Desktop\\DuckFarming_Contracts\\contracts\\TestToken.sol","s":{"1":4,"2":0},"b":{},"f":{"1":4,"2":0},"fnMap":{"1":{"name":"constructor","line":8,"loc":{"start":{"line":8,"column":1},"end":{"line":10,"column":1}}},"2":{"name":"claimTokens","line":12,"loc":{"start":{"line":12,"column":1},"end":{"line":14,"column":1}}}},"statementMap":{"1":{"start":{"line":9,"column":2},"end":{"line":9,"column":27}},"2":{"start":{"line":13,"column":5},"end":{"line":13,"column":29}}},"branchMap":{}}}