{
"contracts\\DuckToken.sol":{"l":{"18":3,"19":3,"23":1,"27":18,"28":18,"29":18,"33":6,"34":0,"35":0,"38":6},"path":"C:\\Users\\romuc\\Desktop\\DuckFarming_Contracts\\contracts\\DuckToken.sol","s":{"1":3,"2":3,"3":1,"4":18,"5":18,"6":18,"7":6,"8":0,"9":0,"10":6},"b":{"1":[18,0],"2":[0,6]},"f":{"1":3,"2":1,"3":18,"4":6},"fnMap":{"1":{"name":"constructor","line":17,"loc":{"start":{"line":17,"column":1},"end":{"line":20,"column":1}}},"2":{"name":"addLiquidityPool","line":22,"loc":{"start":{"line":22,"column":1},"end":{"line":24,"column":1}}},"3":{"name":"mint","line":26,"loc":{"start":{"line":26,"column":1},"end":{"line":30,"column":2}}},"4":{"name":"transfer","line":32,"loc":{"start":{"line":32,"column":2},"end":{"line":39,"column":2}}}},"statementMap":{"1":{"start":{"line":18,"column":2},"end":{"line":18,"column":37}},"2":{"start":{"line":19,"column":2},"end":{"line":19,"column":31}},"3":{"start":{"line":23,"column":2},"end":{"line":23,"column":37}},"4":{"start":{"line":27,"column":2},"end":{"line":27,"column":86}},"5":{"start":{"line":28,"column":2},"end":{"line":28,"column":30}},"6":{"start":{"line":29,"column":4},"end":{"line":29,"column":22}},"7":{"start":{"line":33,"column":3},"end":{"line":33,"column":1094}},"8":{"start":{"line":34,"column":5},"end":{"line":34,"column":29}},"9":{"start":{"line":35,"column":5},"end":{"line":35,"column":16}},"10":{"start":{"line":38,"column":3},"end":{"line":38,"column":43}}},"branchMap":{"1":{"line":27,"type":"if","locations":[{"start":{"line":27,"column":2},"end":{"line":27,"column":2}},{"start":{"line":27,"column":2},"end":{"line":27,"column":2}}]},"2":{"line":33,"type":"if","locations":[{"start":{"line":33,"column":3},"end":{"line":33,"column":3}},{"start":{"line":33,"column":3},"end":{"line":33,"column":3}}]}}},
"contracts\\Pool.sol":{"l":{"47":7,"48":7,"52":1,"53":1,"55":1,"56":1,"57":1,"59":1,"60":1,"62":1,"63":6,"64":6,"67":1,"71":7,"72":6,"75":7,"76":7,"83":7,"84":7,"88":14,"89":5,"92":9,"93":9,"94":0,"95":0,"98":9,"99":9,"100":9,"101":9,"104":9,"107":9,"111":3,"112":3,"114":3,"116":3,"117":1,"118":1,"119":1,"123":3,"124":3,"126":3,"128":3,"133":7,"135":7,"137":5,"139":5,"140":5,"141":5,"144":5,"145":3,"146":3,"149":5,"150":5,"155":0,"156":0,"157":0,"158":0,"159":0,"163":1,"164":1,"165":1,"171":10,"172":10,"175":10,"176":11,"177":0,"180":11,"182":11,"183":1,"184":1,"186":10,"187":1,"189":9,"192":10,"196":10,"201":6,"202":6,"203":0,"205":6},"path":"C:\\Users\\romuc\\Desktop\\DuckFarming_Contracts\\contracts\\Pool.sol","s":{"1":7,"2":1,"3":1,"4":1,"5":1,"6":1,"7":1,"8":1,"9":1,"10":6,"11":6,"12":1,"13":7,"14":6,"15":7,"16":7,"17":7,"18":7,"19":14,"20":5,"21":9,"22":9,"23":0,"24":0,"25":9,"26":9,"27":9,"28":9,"29":9,"30":9,"31":3,"32":3,"33":3,"34":3,"35":1,"36":1,"37":1,"38":3,"39":3,"40":3,"41":3,"42":7,"43":7,"44":5,"45":5,"46":5,"47":5,"48":5,"49":3,"50":3,"51":5,"52":5,"53":0,"54":0,"55":0,"56":0,"57":0,"58":1,"59":1,"60":1,"61":10,"62":10,"63":10,"64":11,"65":11,"66":11,"67":1,"68":1,"69":10,"70":1,"71":9,"72":10,"73":6,"74":6,"75":0,"76":6},"b":{"1":[7,0],"2":[1,0],"3":[1,0],"4":[6,1],"5":[6,0],"6":[5,9],"7":[0,9],"8":[9,0],"9":[3,0],"10":[1,2],"11":[1,0],"12":[5,2],"13":[5,0],"14":[3,2],"15":[1,0],"16":[0,11],"17":[1,10],"18":[1,9],"19":[0,6]},"f":{"1":7,"2":1,"3":7,"4":14,"5":3,"6":7,"7":0,"8":1,"9":10,"10":6},"fnMap":{"1":{"name":"onlyFactory","line":46,"loc":{"start":{"line":46,"column":1},"end":{"line":49,"column":1}}},"2":{"name":"constructor","line":51,"loc":{"start":{"line":51,"column":1},"end":{"line":68,"column":1}}},"3":{"name":"addPeriod","line":70,"loc":{"start":{"line":70,"column":1},"end":{"line":85,"column":1}}},"4":{"name":"updatePool","line":87,"loc":{"start":{"line":87,"column":2},"end":{"line":108,"column":2}}},"5":{"name":"deposit","line":110,"loc":{"start":{"line":110,"column":2},"end":{"line":129,"column":2}}},"6":{"name":"withdraw","line":131,"loc":{"start":{"line":131,"column":2},"end":{"line":151,"column":2}}},"7":{"name":"emergencyWithdraw","line":154,"loc":{"start":{"line":154,"column":4},"end":{"line":160,"column":4}}},"8":{"name":"getCurrentPeriodIndex","line":162,"loc":{"start":{"line":162,"column":2},"end":{"line":168,"column":2}}},"9":{"name":"calculateDuckTokensForMint","line":170,"loc":{"start":{"line":170,"column":2},"end":{"line":197,"column":2}}},"10":{"name":"safeDuckTransfer","line":200,"loc":{"start":{"line":200,"column":2},"end":{"line":207,"column":2}}}},"statementMap":{"1":{"start":{"line":47,"column":2},"end":{"line":47,"column":58}},"2":{"start":{"line":52,"column":4},"end":{"line":52,"column":44}},"3":{"start":{"line":53,"column":4},"end":{"line":53,"column":69}},"4":{"start":{"line":55,"column":2},"end":{"line":55,"column":40}},"5":{"start":{"line":56,"column":4},"end":{"line":56,"column":38}},"6":{"start":{"line":57,"column":2},"end":{"line":57,"column":27}},"7":{"start":{"line":59,"column":4},"end":{"line":59,"column":61}},"8":{"start":{"line":60,"column":4},"end":{"line":60,"column":66}},"9":{"start":{"line":62,"column":4},"end":{"line":62,"column":1838}},"10":{"start":{"line":63,"column":6},"end":{"line":63,"column":66}},"11":{"start":{"line":64,"column":6},"end":{"line":64,"column":65}},"12":{"start":{"line":67,"column":4},"end":{"line":67,"column":35}},"13":{"start":{"line":71,"column":4},"end":{"line":71,"column":2175}},"14":{"start":{"line":72,"column":6},"end":{"line":72,"column":139}},"15":{"start":{"line":75,"column":2},"end":{"line":75,"column":49}},"16":{"start":{"line":76,"column":2},"end":{"line":76,"column":2407}},"17":{"start":{"line":83,"column":2},"end":{"line":83,"column":24}},"18":{"start":{"line":84,"column":4},"end":{"line":84,"column":56}},"19":{"start":{"line":88,"column":4},"end":{"line":88,"column":2706}},"20":{"start":{"line":89,"column":6},"end":{"line":89,"column":12}},"21":{"start":{"line":92,"column":4},"end":{"line":92,"column":55}},"22":{"start":{"line":93,"column":4},"end":{"line":93,"column":2833}},"23":{"start":{"line":94,"column":6},"end":{"line":94,"column":35}},"24":{"start":{"line":95,"column":6},"end":{"line":95,"column":12}},"25":{"start":{"line":98,"column":4},"end":{"line":98,"column":53}},"26":{"start":{"line":99,"column":4},"end":{"line":99,"column":2979}},"27":{"start":{"line":100,"column":6},"end":{"line":100,"column":73}},"28":{"start":{"line":101,"column":6},"end":{"line":101,"column":64}},"29":{"start":{"line":104,"column":6},"end":{"line":104,"column":95}},"30":{"start":{"line":107,"column":4},"end":{"line":107,"column":33}},"31":{"start":{"line":111,"column":4},"end":{"line":111,"column":57}},"32":{"start":{"line":112,"column":4},"end":{"line":112,"column":48}},"33":{"start":{"line":114,"column":4},"end":{"line":114,"column":15}},"34":{"start":{"line":116,"column":4},"end":{"line":116,"column":3503}},"35":{"start":{"line":117,"column":6},"end":{"line":117,"column":87}},"36":{"start":{"line":118,"column":6},"end":{"line":118,"column":3625}},"37":{"start":{"line":119,"column":8},"end":{"line":119,"column":44}},"38":{"start":{"line":123,"column":4},"end":{"line":123,"column":41}},"39":{"start":{"line":124,"column":4},"end":{"line":124,"column":63}},"40":{"start":{"line":126,"column":4},"end":{"line":126,"column":63}},"41":{"start":{"line":128,"column":4},"end":{"line":128,"column":37}},"42":{"start":{"line":133,"column":4},"end":{"line":133,"column":48}},"43":{"start":{"line":135,"column":4},"end":{"line":135,"column":56}},"44":{"start":{"line":137,"column":4},"end":{"line":137,"column":15}},"45":{"start":{"line":139,"column":4},"end":{"line":139,"column":85}},"46":{"start":{"line":140,"column":4},"end":{"line":140,"column":4235}},"47":{"start":{"line":141,"column":6},"end":{"line":141,"column":42}},"48":{"start":{"line":144,"column":4},"end":{"line":144,"column":4317}},"49":{"start":{"line":145,"column":6},"end":{"line":145,"column":55}},"50":{"start":{"line":146,"column":6},"end":{"line":146,"column":43}},"51":{"start":{"line":149,"column":4},"end":{"line":149,"column":63}},"52":{"start":{"line":150,"column":4},"end":{"line":150,"column":38}},"53":{"start":{"line":155,"column":6},"end":{"line":155,"column":50}},"54":{"start":{"line":156,"column":6},"end":{"line":156,"column":59}},"55":{"start":{"line":157,"column":6},"end":{"line":157,"column":59}},"56":{"start":{"line":158,"column":6},"end":{"line":158,"column":20}},"57":{"start":{"line":159,"column":6},"end":{"line":159,"column":24}},"58":{"start":{"line":163,"column":3},"end":{"line":163,"column":4992}},"59":{"start":{"line":164,"column":4},"end":{"line":164,"column":5041}},"60":{"start":{"line":165,"column":5},"end":{"line":165,"column":13}},"61":{"start":{"line":171,"column":3},"end":{"line":171,"column":19}},"62":{"start":{"line":172,"column":3},"end":{"line":172,"column":17}},"63":{"start":{"line":175,"column":3},"end":{"line":175,"column":5335}},"64":{"start":{"line":176,"column":4},"end":{"line":176,"column":5384}},"65":{"start":{"line":180,"column":4},"end":{"line":180,"column":62}},"66":{"start":{"line":182,"column":4},"end":{"line":182,"column":5524}},"67":{"start":{"line":183,"column":5},"end":{"line":183,"column":74}},"68":{"start":{"line":184,"column":5},"end":{"line":184,"column":20}},"69":{"start":{"line":186,"column":5},"end":{"line":186,"column":5697}},"70":{"start":{"line":187,"column":6},"end":{"line":187,"column":93}},"71":{"start":{"line":189,"column":6},"end":{"line":189,"column":84}},"72":{"start":{"line":196,"column":4},"end":{"line":196,"column":22}},"73":{"start":{"line":201,"column":4},"end":{"line":201,"column":51}},"74":{"start":{"line":202,"column":4},"end":{"line":202,"column":6215}},"75":{"start":{"line":203,"column":6},"end":{"line":203,"column":32}},"76":{"start":{"line":205,"column":6},"end":{"line":205,"column":32}}},"branchMap":{"1":{"line":47,"type":"if","locations":[{"start":{"line":47,"column":2},"end":{"line":47,"column":2}},{"start":{"line":47,"column":2},"end":{"line":47,"column":2}}]},"2":{"line":52,"type":"if","locations":[{"start":{"line":52,"column":4},"end":{"line":52,"column":4}},{"start":{"line":52,"column":4},"end":{"line":52,"column":4}}]},"3":{"line":53,"type":"if","locations":[{"start":{"line":53,"column":4},"end":{"line":53,"column":4}},{"start":{"line":53,"column":4},"end":{"line":53,"column":4}}]},"4":{"line":71,"type":"if","locations":[{"start":{"line":71,"column":4},"end":{"line":71,"column":4}},{"start":{"line":71,"column":4},"end":{"line":71,"column":4}}]},"5":{"line":72,"type":"if","locations":[{"start":{"line":72,"column":6},"end":{"line":72,"column":6}},{"start":{"line":72,"column":6},"end":{"line":72,"column":6}}]},"6":{"line":88,"type":"if","locations":[{"start":{"line":88,"column":4},"end":{"line":88,"column":4}},{"start":{"line":88,"column":4},"end":{"line":88,"column":4}}]},"7":{"line":93,"type":"if","locations":[{"start":{"line":93,"column":4},"end":{"line":93,"column":4}},{"start":{"line":93,"column":4},"end":{"line":93,"column":4}}]},"8":{"line":99,"type":"if","locations":[{"start":{"line":99,"column":4},"end":{"line":99,"column":4}},{"start":{"line":99,"column":4},"end":{"line":99,"column":4}}]},"9":{"line":111,"type":"if","locations":[{"start":{"line":111,"column":4},"end":{"line":111,"column":4}},{"start":{"line":111,"column":4},"end":{"line":111,"column":4}}]},"10":{"line":116,"type":"if","locations":[{"start":{"line":116,"column":4},"end":{"line":116,"column":4}},{"start":{"line":116,"column":4},"end":{"line":116,"column":4}}]},"11":{"line":118,"type":"if","locations":[{"start":{"line":118,"column":6},"end":{"line":118,"column":6}},{"start":{"line":118,"column":6},"end":{"line":118,"column":6}}]},"12":{"line":135,"type":"if","locations":[{"start":{"line":135,"column":4},"end":{"line":135,"column":4}},{"start":{"line":135,"column":4},"end":{"line":135,"column":4}}]},"13":{"line":140,"type":"if","locations":[{"start":{"line":140,"column":4},"end":{"line":140,"column":4}},{"start":{"line":140,"column":4},"end":{"line":140,"column":4}}]},"14":{"line":144,"type":"if","locations":[{"start":{"line":144,"column":4},"end":{"line":144,"column":4}},{"start":{"line":144,"column":4},"end":{"line":144,"column":4}}]},"15":{"line":164,"type":"if","locations":[{"start":{"line":164,"column":4},"end":{"line":164,"column":4}},{"start":{"line":164,"column":4},"end":{"line":164,"column":4}}]},"16":{"line":176,"type":"if","locations":[{"start":{"line":176,"column":4},"end":{"line":176,"column":4}},{"start":{"line":176,"column":4},"end":{"line":176,"column":4}}]},"17":{"line":182,"type":"if","locations":[{"start":{"line":182,"column":4},"end":{"line":182,"column":4}},{"start":{"line":182,"column":4},"end":{"line":182,"column":4}}]},"18":{"line":186,"type":"if","locations":[{"start":{"line":186,"column":5},"end":{"line":186,"column":5}},{"start":{"line":186,"column":5},"end":{"line":186,"column":5}}]},"19":{"line":202,"type":"if","locations":[{"start":{"line":202,"column":4},"end":{"line":202,"column":4}},{"start":{"line":202,"column":4},"end":{"line":202,"column":4}}]}}},
"contracts\\PoolController.sol":{"l":{"20":3,"21":3,"25":1,"26":1,"28":1,"29":1,"31":1,"35":0,"39":18,"40":18},"path":"C:\\Users\\romuc\\Desktop\\DuckFarming_Contracts\\contracts\\PoolController.sol","s":{"1":3,"2":3,"3":1,"4":1,"5":1,"6":1,"7":1,"8":0,"9":18,"10":18},"b":{"1":[18,0]},"f":{"1":3,"2":1,"3":0,"4":18},"fnMap":{"1":{"name":"constructor","line":19,"loc":{"start":{"line":19,"column":1},"end":{"line":22,"column":1}}},"2":{"name":"newPool","line":24,"loc":{"start":{"line":24,"column":1},"end":{"line":32,"column":1}}},"3":{"name":"addPeriod","line":34,"loc":{"start":{"line":34,"column":1},"end":{"line":36,"column":1}}},"4":{"name":"mint","line":38,"loc":{"start":{"line":38,"column":1},"end":{"line":41,"column":1}}}},"statementMap":{"1":{"start":{"line":20,"column":2},"end":{"line":20,"column":36}},"2":{"start":{"line":21,"column":2},"end":{"line":21,"column":25}},"3":{"start":{"line":25,"column":2},"end":{"line":25,"column":71}},"4":{"start":{"line":26,"column":2},"end":{"line":26,"column":17}},"5":{"start":{"line":28,"column":2},"end":{"line":28,"column":30}},"6":{"start":{"line":29,"column":2},"end":{"line":29,"column":31}},"7":{"start":{"line":31,"column":2},"end":{"line":31,"column":38}},"8":{"start":{"line":35,"column":2},"end":{"line":35,"column":65}},"9":{"start":{"line":39,"column":2},"end":{"line":39,"column":43}},"10":{"start":{"line":40,"column":2},"end":{"line":40,"column":21}}},"branchMap":{"1":{"line":39,"type":"if","locations":[{"start":{"line":39,"column":2},"end":{"line":39,"column":2}},{"start":{"line":39,"column":2},"end":{"line":39,"column":2}}]}}},
"contracts\\TestToken.sol":{"l":{"9":1},"path":"C:\\Users\\romuc\\Desktop\\DuckFarming_Contracts\\contracts\\TestToken.sol","s":{"1":1},"b":{},"f":{"1":1},"fnMap":{"1":{"name":"constructor","line":8,"loc":{"start":{"line":8,"column":1},"end":{"line":10,"column":1}}}},"statementMap":{"1":{"start":{"line":9,"column":2},"end":{"line":9,"column":27}}},"branchMap":{}}}
