{
"contracts\\DuckToken.sol":{"l":{"18":3,"19":3,"23":1,"27":18,"28":18,"29":18,"33":5,"34":0,"35":0,"38":5},"path":"C:\\Users\\romuc\\Desktop\\DuckFarming_Contracts\\contracts\\DuckToken.sol","s":{"1":3,"2":3,"3":1,"4":18,"5":18,"6":18,"7":5,"8":0,"9":0,"10":5},"b":{"1":[18,0],"2":[0,5]},"f":{"1":3,"2":1,"3":18,"4":5},"fnMap":{"1":{"name":"constructor","line":17,"loc":{"start":{"line":17,"column":1},"end":{"line":20,"column":1}}},"2":{"name":"addLiquidityPool","line":22,"loc":{"start":{"line":22,"column":1},"end":{"line":24,"column":1}}},"3":{"name":"mint","line":26,"loc":{"start":{"line":26,"column":1},"end":{"line":30,"column":2}}},"4":{"name":"transfer","line":32,"loc":{"start":{"line":32,"column":2},"end":{"line":39,"column":2}}}},"statementMap":{"1":{"start":{"line":18,"column":2},"end":{"line":18,"column":37}},"2":{"start":{"line":19,"column":2},"end":{"line":19,"column":31}},"3":{"start":{"line":23,"column":2},"end":{"line":23,"column":37}},"4":{"start":{"line":27,"column":2},"end":{"line":27,"column":86}},"5":{"start":{"line":28,"column":2},"end":{"line":28,"column":30}},"6":{"start":{"line":29,"column":4},"end":{"line":29,"column":22}},"7":{"start":{"line":33,"column":3},"end":{"line":33,"column":1094}},"8":{"start":{"line":34,"column":5},"end":{"line":34,"column":29}},"9":{"start":{"line":35,"column":5},"end":{"line":35,"column":16}},"10":{"start":{"line":38,"column":3},"end":{"line":38,"column":43}}},"branchMap":{"1":{"line":27,"type":"if","locations":[{"start":{"line":27,"column":2},"end":{"line":27,"column":2}},{"start":{"line":27,"column":2},"end":{"line":27,"column":2}}]},"2":{"line":33,"type":"if","locations":[{"start":{"line":33,"column":3},"end":{"line":33,"column":3}},{"start":{"line":33,"column":3},"end":{"line":33,"column":3}}]}}},
"contracts\\Pool.sol":{"l":{"46":11,"47":9,"51":1,"52":1,"54":1,"55":1,"56":1,"58":1,"59":1,"61":1,"62":6,"63":6,"66":1,"70":9,"71":8,"74":7,"75":7,"82":7,"83":7,"87":16,"88":5,"91":11,"92":11,"93":2,"94":2,"97":9,"98":9,"99":9,"100":9,"103":9,"106":9,"110":5,"111":5,"112":3,"114":3,"116":3,"117":1,"118":1,"119":1,"123":3,"124":3,"126":3,"128":3,"132":7,"134":7,"136":7,"138":5,"139":3,"142":5,"144":5,"146":5,"147":4,"150":5,"151":3,"154":5,"155":5,"159":1,"160":1,"161":1,"167":10,"168":10,"171":10,"172":11,"173":0,"176":11,"178":11,"179":1,"180":1,"182":10,"183":1,"185":9,"188":10,"192":10,"197":5,"198":5,"199":2,"201":3},"path":"C:\\Users\\romuc\\Desktop\\DuckFarming_Contracts\\contracts\\Pool.sol","s":{"1":11,"2":1,"3":1,"4":1,"5":1,"6":1,"7":1,"8":1,"9":1,"10":6,"11":6,"12":1,"13":9,"14":8,"15":7,"16":7,"17":7,"18":7,"19":16,"20":5,"21":11,"22":11,"23":2,"24":2,"25":9,"26":9,"27":9,"28":9,"29":9,"30":9,"31":5,"32":5,"33":3,"34":3,"35":3,"36":1,"37":1,"38":1,"39":3,"40":3,"41":3,"42":3,"43":7,"44":7,"45":7,"46":5,"47":3,"48":5,"49":5,"50":5,"51":4,"52":5,"53":3,"54":5,"55":5,"56":1,"57":1,"58":1,"59":10,"60":10,"61":10,"62":11,"63":11,"64":11,"65":1,"66":1,"67":10,"68":1,"69":9,"70":10,"71":5,"72":5,"73":2,"74":3},"b":{"1":[9,2],"2":[1,0],"3":[1,0],"4":[8,1],"5":[6,2],"6":[5,11],"7":[2,9],"8":[9,0],"9":[5,0],"10":[3,2],"11":[1,2],"12":[1,0],"13":[7,0],"14":[5,2],"15":[3,2],"16":[4,1],"17":[3,2],"18":[1,0],"19":[0,11],"20":[1,10],"21":[1,9],"22":[2,3]},"f":{"1":11,"2":1,"3":9,"4":16,"5":5,"6":7,"7":1,"8":10,"9":5},"fnMap":{"1":{"name":"onlyFactory","line":45,"loc":{"start":{"line":45,"column":1},"end":{"line":48,"column":1}}},"2":{"name":"constructor","line":50,"loc":{"start":{"line":50,"column":1},"end":{"line":67,"column":1}}},"3":{"name":"addPeriod","line":69,"loc":{"start":{"line":69,"column":1},"end":{"line":84,"column":1}}},"4":{"name":"updatePool","line":86,"loc":{"start":{"line":86,"column":2},"end":{"line":107,"column":2}}},"5":{"name":"deposit","line":109,"loc":{"start":{"line":109,"column":2},"end":{"line":129,"column":2}}},"6":{"name":"withdraw","line":131,"loc":{"start":{"line":131,"column":2},"end":{"line":156,"column":2}}},"7":{"name":"getCurrentPeriodIndex","line":158,"loc":{"start":{"line":158,"column":2},"end":{"line":164,"column":2}}},"8":{"name":"calculateDuckTokensForMint","line":166,"loc":{"start":{"line":166,"column":2},"end":{"line":193,"column":2}}},"9":{"name":"safeDuckTransfer","line":196,"loc":{"start":{"line":196,"column":2},"end":{"line":203,"column":2}}}},"statementMap":{"1":{"start":{"line":46,"column":2},"end":{"line":46,"column":58}},"2":{"start":{"line":51,"column":4},"end":{"line":51,"column":44}},"3":{"start":{"line":52,"column":4},"end":{"line":52,"column":69}},"4":{"start":{"line":54,"column":2},"end":{"line":54,"column":40}},"5":{"start":{"line":55,"column":4},"end":{"line":55,"column":38}},"6":{"start":{"line":56,"column":2},"end":{"line":56,"column":27}},"7":{"start":{"line":58,"column":4},"end":{"line":58,"column":61}},"8":{"start":{"line":59,"column":4},"end":{"line":59,"column":66}},"9":{"start":{"line":61,"column":4},"end":{"line":61,"column":1751}},"10":{"start":{"line":62,"column":6},"end":{"line":62,"column":66}},"11":{"start":{"line":63,"column":6},"end":{"line":63,"column":65}},"12":{"start":{"line":66,"column":4},"end":{"line":66,"column":35}},"13":{"start":{"line":70,"column":4},"end":{"line":70,"column":2088}},"14":{"start":{"line":71,"column":6},"end":{"line":71,"column":139}},"15":{"start":{"line":74,"column":2},"end":{"line":74,"column":49}},"16":{"start":{"line":75,"column":2},"end":{"line":75,"column":2320}},"17":{"start":{"line":82,"column":2},"end":{"line":82,"column":24}},"18":{"start":{"line":83,"column":4},"end":{"line":83,"column":56}},"19":{"start":{"line":87,"column":4},"end":{"line":87,"column":2619}},"20":{"start":{"line":88,"column":6},"end":{"line":88,"column":12}},"21":{"start":{"line":91,"column":4},"end":{"line":91,"column":55}},"22":{"start":{"line":92,"column":4},"end":{"line":92,"column":2746}},"23":{"start":{"line":93,"column":6},"end":{"line":93,"column":35}},"24":{"start":{"line":94,"column":6},"end":{"line":94,"column":12}},"25":{"start":{"line":97,"column":4},"end":{"line":97,"column":53}},"26":{"start":{"line":98,"column":4},"end":{"line":98,"column":2892}},"27":{"start":{"line":99,"column":6},"end":{"line":99,"column":73}},"28":{"start":{"line":100,"column":6},"end":{"line":100,"column":64}},"29":{"start":{"line":103,"column":6},"end":{"line":103,"column":95}},"30":{"start":{"line":106,"column":4},"end":{"line":106,"column":33}},"31":{"start":{"line":110,"column":4},"end":{"line":110,"column":120}},"32":{"start":{"line":111,"column":4},"end":{"line":111,"column":57}},"33":{"start":{"line":112,"column":4},"end":{"line":112,"column":48}},"34":{"start":{"line":114,"column":4},"end":{"line":114,"column":15}},"35":{"start":{"line":116,"column":4},"end":{"line":116,"column":3540}},"36":{"start":{"line":117,"column":6},"end":{"line":117,"column":87}},"37":{"start":{"line":118,"column":6},"end":{"line":118,"column":3662}},"38":{"start":{"line":119,"column":8},"end":{"line":119,"column":44}},"39":{"start":{"line":123,"column":4},"end":{"line":123,"column":41}},"40":{"start":{"line":124,"column":4},"end":{"line":124,"column":63}},"41":{"start":{"line":126,"column":4},"end":{"line":126,"column":63}},"42":{"start":{"line":128,"column":4},"end":{"line":128,"column":37}},"43":{"start":{"line":132,"column":4},"end":{"line":132,"column":120}},"44":{"start":{"line":134,"column":4},"end":{"line":134,"column":48}},"45":{"start":{"line":136,"column":4},"end":{"line":136,"column":56}},"46":{"start":{"line":138,"column":4},"end":{"line":138,"column":4283}},"47":{"start":{"line":139,"column":6},"end":{"line":139,"column":55}},"48":{"start":{"line":142,"column":4},"end":{"line":142,"column":15}},"49":{"start":{"line":144,"column":4},"end":{"line":144,"column":85}},"50":{"start":{"line":146,"column":4},"end":{"line":146,"column":4493}},"51":{"start":{"line":147,"column":6},"end":{"line":147,"column":42}},"52":{"start":{"line":150,"column":4},"end":{"line":150,"column":4572}},"53":{"start":{"line":151,"column":6},"end":{"line":151,"column":43}},"54":{"start":{"line":154,"column":4},"end":{"line":154,"column":63}},"55":{"start":{"line":155,"column":4},"end":{"line":155,"column":38}},"56":{"start":{"line":159,"column":3},"end":{"line":159,"column":4833}},"57":{"start":{"line":160,"column":4},"end":{"line":160,"column":4882}},"58":{"start":{"line":161,"column":5},"end":{"line":161,"column":13}},"59":{"start":{"line":167,"column":3},"end":{"line":167,"column":19}},"60":{"start":{"line":168,"column":3},"end":{"line":168,"column":17}},"61":{"start":{"line":171,"column":3},"end":{"line":171,"column":5176}},"62":{"start":{"line":172,"column":4},"end":{"line":172,"column":5225}},"63":{"start":{"line":176,"column":4},"end":{"line":176,"column":62}},"64":{"start":{"line":178,"column":4},"end":{"line":178,"column":5365}},"65":{"start":{"line":179,"column":5},"end":{"line":179,"column":74}},"66":{"start":{"line":180,"column":5},"end":{"line":180,"column":20}},"67":{"start":{"line":182,"column":5},"end":{"line":182,"column":5513}},"68":{"start":{"line":183,"column":6},"end":{"line":183,"column":93}},"69":{"start":{"line":185,"column":6},"end":{"line":185,"column":84}},"70":{"start":{"line":192,"column":4},"end":{"line":192,"column":22}},"71":{"start":{"line":197,"column":4},"end":{"line":197,"column":51}},"72":{"start":{"line":198,"column":4},"end":{"line":198,"column":6031}},"73":{"start":{"line":199,"column":6},"end":{"line":199,"column":32}},"74":{"start":{"line":201,"column":6},"end":{"line":201,"column":32}}},"branchMap":{"1":{"line":46,"type":"if","locations":[{"start":{"line":46,"column":2},"end":{"line":46,"column":2}},{"start":{"line":46,"column":2},"end":{"line":46,"column":2}}]},"2":{"line":51,"type":"if","locations":[{"start":{"line":51,"column":4},"end":{"line":51,"column":4}},{"start":{"line":51,"column":4},"end":{"line":51,"column":4}}]},"3":{"line":52,"type":"if","locations":[{"start":{"line":52,"column":4},"end":{"line":52,"column":4}},{"start":{"line":52,"column":4},"end":{"line":52,"column":4}}]},"4":{"line":70,"type":"if","locations":[{"start":{"line":70,"column":4},"end":{"line":70,"column":4}},{"start":{"line":70,"column":4},"end":{"line":70,"column":4}}]},"5":{"line":71,"type":"if","locations":[{"start":{"line":71,"column":6},"end":{"line":71,"column":6}},{"start":{"line":71,"column":6},"end":{"line":71,"column":6}}]},"6":{"line":87,"type":"if","locations":[{"start":{"line":87,"column":4},"end":{"line":87,"column":4}},{"start":{"line":87,"column":4},"end":{"line":87,"column":4}}]},"7":{"line":92,"type":"if","locations":[{"start":{"line":92,"column":4},"end":{"line":92,"column":4}},{"start":{"line":92,"column":4},"end":{"line":92,"column":4}}]},"8":{"line":98,"type":"if","locations":[{"start":{"line":98,"column":4},"end":{"line":98,"column":4}},{"start":{"line":98,"column":4},"end":{"line":98,"column":4}}]},"9":{"line":110,"type":"if","locations":[{"start":{"line":110,"column":4},"end":{"line":110,"column":4}},{"start":{"line":110,"column":4},"end":{"line":110,"column":4}}]},"10":{"line":111,"type":"if","locations":[{"start":{"line":111,"column":4},"end":{"line":111,"column":4}},{"start":{"line":111,"column":4},"end":{"line":111,"column":4}}]},"11":{"line":116,"type":"if","locations":[{"start":{"line":116,"column":4},"end":{"line":116,"column":4}},{"start":{"line":116,"column":4},"end":{"line":116,"column":4}}]},"12":{"line":118,"type":"if","locations":[{"start":{"line":118,"column":6},"end":{"line":118,"column":6}},{"start":{"line":118,"column":6},"end":{"line":118,"column":6}}]},"13":{"line":132,"type":"if","locations":[{"start":{"line":132,"column":4},"end":{"line":132,"column":4}},{"start":{"line":132,"column":4},"end":{"line":132,"column":4}}]},"14":{"line":136,"type":"if","locations":[{"start":{"line":136,"column":4},"end":{"line":136,"column":4}},{"start":{"line":136,"column":4},"end":{"line":136,"column":4}}]},"15":{"line":138,"type":"if","locations":[{"start":{"line":138,"column":4},"end":{"line":138,"column":4}},{"start":{"line":138,"column":4},"end":{"line":138,"column":4}}]},"16":{"line":146,"type":"if","locations":[{"start":{"line":146,"column":4},"end":{"line":146,"column":4}},{"start":{"line":146,"column":4},"end":{"line":146,"column":4}}]},"17":{"line":150,"type":"if","locations":[{"start":{"line":150,"column":4},"end":{"line":150,"column":4}},{"start":{"line":150,"column":4},"end":{"line":150,"column":4}}]},"18":{"line":160,"type":"if","locations":[{"start":{"line":160,"column":4},"end":{"line":160,"column":4}},{"start":{"line":160,"column":4},"end":{"line":160,"column":4}}]},"19":{"line":172,"type":"if","locations":[{"start":{"line":172,"column":4},"end":{"line":172,"column":4}},{"start":{"line":172,"column":4},"end":{"line":172,"column":4}}]},"20":{"line":178,"type":"if","locations":[{"start":{"line":178,"column":4},"end":{"line":178,"column":4}},{"start":{"line":178,"column":4},"end":{"line":178,"column":4}}]},"21":{"line":182,"type":"if","locations":[{"start":{"line":182,"column":5},"end":{"line":182,"column":5}},{"start":{"line":182,"column":5},"end":{"line":182,"column":5}}]},"22":{"line":198,"type":"if","locations":[{"start":{"line":198,"column":4},"end":{"line":198,"column":4}},{"start":{"line":198,"column":4},"end":{"line":198,"column":4}}]}}},
"contracts\\PoolController.sol":{"l":{"20":3,"21":3,"25":1,"26":1,"28":1,"29":1,"31":1,"35":2,"39":18,"40":18},"path":"C:\\Users\\romuc\\Desktop\\DuckFarming_Contracts\\contracts\\PoolController.sol","s":{"1":3,"2":3,"3":1,"4":1,"5":1,"6":1,"7":1,"8":2,"9":18,"10":18},"b":{"1":[18,0]},"f":{"1":3,"2":1,"3":2,"4":18},"fnMap":{"1":{"name":"constructor","line":19,"loc":{"start":{"line":19,"column":1},"end":{"line":22,"column":1}}},"2":{"name":"newPool","line":24,"loc":{"start":{"line":24,"column":1},"end":{"line":32,"column":1}}},"3":{"name":"addPeriod","line":34,"loc":{"start":{"line":34,"column":1},"end":{"line":36,"column":1}}},"4":{"name":"mint","line":38,"loc":{"start":{"line":38,"column":1},"end":{"line":41,"column":1}}}},"statementMap":{"1":{"start":{"line":20,"column":2},"end":{"line":20,"column":36}},"2":{"start":{"line":21,"column":2},"end":{"line":21,"column":25}},"3":{"start":{"line":25,"column":2},"end":{"line":25,"column":71}},"4":{"start":{"line":26,"column":2},"end":{"line":26,"column":17}},"5":{"start":{"line":28,"column":2},"end":{"line":28,"column":30}},"6":{"start":{"line":29,"column":2},"end":{"line":29,"column":31}},"7":{"start":{"line":31,"column":2},"end":{"line":31,"column":38}},"8":{"start":{"line":35,"column":2},"end":{"line":35,"column":65}},"9":{"start":{"line":39,"column":2},"end":{"line":39,"column":43}},"10":{"start":{"line":40,"column":2},"end":{"line":40,"column":21}}},"branchMap":{"1":{"line":39,"type":"if","locations":[{"start":{"line":39,"column":2},"end":{"line":39,"column":2}},{"start":{"line":39,"column":2},"end":{"line":39,"column":2}}]}}},
"contracts\\TestToken.sol":{"l":{"9":1},"path":"C:\\Users\\romuc\\Desktop\\DuckFarming_Contracts\\contracts\\TestToken.sol","s":{"1":1},"b":{},"f":{"1":1},"fnMap":{"1":{"name":"constructor","line":8,"loc":{"start":{"line":8,"column":1},"end":{"line":10,"column":1}}}},"statementMap":{"1":{"start":{"line":9,"column":2},"end":{"line":9,"column":27}}},"branchMap":{}}}
