TN:
SF:C:\Users\romuc\Desktop\DuckFarming_Contracts\contracts\DuckToken.sol
FN:17,constructor
FN:22,addLiquidityPool
FN:26,mint
FN:32,transfer
FNF:4
FNH:4
FNDA:3,constructor
FNDA:1,addLiquidityPool
FNDA:40,mint
FNDA:15,transfer
DA:18,3
DA:19,3
DA:23,1
DA:27,40
DA:28,40
DA:29,40
DA:33,15
DA:34,0
DA:35,0
DA:38,15
LF:10
LH:8
BRDA:27,1,0,40
BRDA:27,1,1,0
BRDA:33,2,0,0
BRDA:33,2,1,15
BRF:4
BRH:2
end_of_record
TN:
SF:C:\Users\romuc\Desktop\DuckFarming_Contracts\contracts\Pool.sol
FN:77,onlyController
FN:82,constructor
FN:102,addPeriod
FN:120,updatePool
FN:145,getUserPendingReward
FN:160,deposit
FN:182,withdraw
FN:205,emergencyWithdraw
FN:214,getCurrentPeriodIndex
FN:223,calculateDuckTokensForMint
FN:252,safeDuckTransfer
FN:266,addRevenue
FN:278,claimRevenue
FN:292,safeRevenueTransfer
FNF:14
FNH:12
FNDA:14,onlyController
FNDA:1,constructor
FNDA:9,addPeriod
FNDA:27,updatePool
FNDA:0,getUserPendingReward
FNDA:8,deposit
FNDA:16,withdraw
FNDA:0,emergencyWithdraw
FNDA:1,getCurrentPeriodIndex
FNDA:21,calculateDuckTokensForMint
FNDA:15,safeDuckTransfer
FNDA:3,addRevenue
FNDA:22,claimRevenue
FNDA:9,safeRevenueTransfer
DA:78,14
DA:79,12
DA:83,1
DA:84,1
DA:86,1
DA:87,1
DA:88,1
DA:90,1
DA:91,1
DA:93,1
DA:94,6
DA:95,6
DA:98,1
DA:103,9
DA:104,8
DA:107,7
DA:108,7
DA:115,7
DA:116,7
DA:121,27
DA:122,5
DA:125,22
DA:127,22
DA:128,22
DA:129,2
DA:130,2
DA:133,20
DA:134,20
DA:135,20
DA:136,20
DA:138,20
DA:141,20
DA:146,0
DA:147,0
DA:149,0
DA:150,0
DA:151,0
DA:154,0
DA:156,0
DA:161,8
DA:162,6
DA:164,6
DA:166,6
DA:167,1
DA:168,1
DA:169,1
DA:173,6
DA:174,6
DA:176,6
DA:178,6
DA:184,16
DA:186,16
DA:188,14
DA:190,14
DA:191,14
DA:192,14
DA:195,14
DA:196,3
DA:197,3
DA:200,14
DA:201,14
DA:206,0
DA:207,0
DA:208,0
DA:209,0
DA:210,0
DA:215,1
DA:216,1
DA:217,1
DA:224,21
DA:225,21
DA:227,21
DA:228,22
DA:229,0
DA:232,22
DA:234,22
DA:235,1
DA:236,1
DA:238,21
DA:239,1
DA:241,20
DA:244,21
DA:248,21
DA:253,15
DA:254,15
DA:255,0
DA:257,15
DA:268,3
DA:274,3
DA:279,22
DA:281,22
DA:282,26
DA:283,9
DA:284,9
DA:286,9
DA:293,9
DA:294,9
DA:295,3
DA:298,6
DA:299,6
DA:301,0
LF:101
LH:86
BRDA:78,1,0,12
BRDA:78,1,1,2
BRDA:83,2,0,1
BRDA:83,2,1,0
BRDA:84,3,0,1
BRDA:84,3,1,0
BRDA:103,4,0,8
BRDA:103,4,1,1
BRDA:104,5,0,6
BRDA:104,5,1,2
BRDA:121,6,0,5
BRDA:121,6,1,22
BRDA:128,7,0,2
BRDA:128,7,1,20
BRDA:134,8,0,20
BRDA:134,8,1,0
BRDA:150,9,0,0
BRDA:150,9,1,0
BRDA:161,10,0,6
BRDA:161,10,1,2
BRDA:166,11,0,1
BRDA:166,11,1,5
BRDA:168,12,0,1
BRDA:168,12,1,0
BRDA:186,13,0,14
BRDA:186,13,1,2
BRDA:191,14,0,14
BRDA:191,14,1,0
BRDA:195,15,0,3
BRDA:195,15,1,11
BRDA:216,16,0,1
BRDA:216,16,1,0
BRDA:228,17,0,0
BRDA:228,17,1,22
BRDA:234,18,0,1
BRDA:234,18,1,21
BRDA:238,19,0,1
BRDA:238,19,1,20
BRDA:254,20,0,0
BRDA:254,20,1,15
BRDA:282,21,0,9
BRDA:282,21,1,17
BRDA:294,22,0,3
BRDA:294,22,1,6
BRDA:298,23,0,6
BRDA:298,23,1,0
BRF:46
BRH:35
end_of_record
TN:
SF:C:\Users\romuc\Desktop\DuckFarming_Contracts\contracts\PoolController.sol
FN:22,constructor
FN:28,newPool
FN:39,addPeriod
FN:44,addRevenue
FN:49,mint
FNF:5
FNH:5
FNDA:3,constructor
FNDA:1,newPool
FNDA:2,addPeriod
FNDA:3,addRevenue
FNDA:40,mint
DA:23,3
DA:24,3
DA:29,1
DA:30,1
DA:32,1
DA:33,1
DA:35,1
DA:40,2
DA:45,3
DA:50,40
DA:51,40
LF:11
LH:11
BRDA:50,1,0,40
BRDA:50,1,1,0
BRF:2
BRH:1
end_of_record
TN:
SF:C:\Users\romuc\Desktop\DuckFarming_Contracts\contracts\TestToken.sol
FN:8,constructor
FN:12,claimTokens
FNF:2
FNH:1
FNDA:4,constructor
FNDA:0,claimTokens
DA:9,4
DA:13,0
LF:2
LH:1
BRF:0
BRH:0
end_of_record
