TN:
SF:C:\Users\romuc\Desktop\DuckFarming_Contracts\contracts\DuckToken.sol
FN:17,constructor
FN:22,addLiquidityPool
FN:26,mint
FN:32,transfer
FNF:4
FNH:4
FNDA:3,constructor
FNDA:1,addLiquidityPool
FNDA:18,mint
FNDA:6,transfer
DA:18,3
DA:19,3
DA:23,1
DA:27,18
DA:28,18
DA:29,18
DA:33,6
DA:34,0
DA:35,0
DA:38,6
LF:10
LH:8
BRDA:27,1,0,18
BRDA:27,1,1,0
BRDA:33,2,0,0
BRDA:33,2,1,6
BRF:4
BRH:2
end_of_record
TN:
SF:C:\Users\romuc\Desktop\DuckFarming_Contracts\contracts\Pool.sol
FN:46,onlyFactory
FN:51,constructor
FN:70,addPeriod
FN:87,updatePool
FN:110,deposit
FN:131,withdraw
FN:154,emergencyWithdraw
FN:162,getCurrentPeriodIndex
FN:170,calculateDuckTokensForMint
FN:200,safeDuckTransfer
FNF:10
FNH:9
FNDA:7,onlyFactory
FNDA:1,constructor
FNDA:7,addPeriod
FNDA:14,updatePool
FNDA:3,deposit
FNDA:7,withdraw
FNDA:0,emergencyWithdraw
FNDA:1,getCurrentPeriodIndex
FNDA:10,calculateDuckTokensForMint
FNDA:6,safeDuckTransfer
DA:47,7
DA:48,7
DA:52,1
DA:53,1
DA:55,1
DA:56,1
DA:57,1
DA:59,1
DA:60,1
DA:62,1
DA:63,6
DA:64,6
DA:67,1
DA:71,7
DA:72,6
DA:75,7
DA:76,7
DA:83,7
DA:84,7
DA:88,14
DA:89,5
DA:92,9
DA:93,9
DA:94,0
DA:95,0
DA:98,9
DA:99,9
DA:100,9
DA:101,9
DA:104,9
DA:107,9
DA:111,3
DA:112,3
DA:114,3
DA:116,3
DA:117,1
DA:118,1
DA:119,1
DA:123,3
DA:124,3
DA:126,3
DA:128,3
DA:133,7
DA:135,7
DA:137,5
DA:139,5
DA:140,5
DA:141,5
DA:144,5
DA:145,3
DA:146,3
DA:149,5
DA:150,5
DA:155,0
DA:156,0
DA:157,0
DA:158,0
DA:159,0
DA:163,1
DA:164,1
DA:165,1
DA:171,10
DA:172,10
DA:175,10
DA:176,11
DA:177,0
DA:180,11
DA:182,11
DA:183,1
DA:184,1
DA:186,10
DA:187,1
DA:189,9
DA:192,10
DA:196,10
DA:201,6
DA:202,6
DA:203,0
DA:205,6
LF:79
LH:70
BRDA:47,1,0,7
BRDA:47,1,1,0
BRDA:52,2,0,1
BRDA:52,2,1,0
BRDA:53,3,0,1
BRDA:53,3,1,0
BRDA:71,4,0,6
BRDA:71,4,1,1
BRDA:72,5,0,6
BRDA:72,5,1,0
BRDA:88,6,0,5
BRDA:88,6,1,9
BRDA:93,7,0,0
BRDA:93,7,1,9
BRDA:99,8,0,9
BRDA:99,8,1,0
BRDA:111,9,0,3
BRDA:111,9,1,0
BRDA:116,10,0,1
BRDA:116,10,1,2
BRDA:118,11,0,1
BRDA:118,11,1,0
BRDA:135,12,0,5
BRDA:135,12,1,2
BRDA:140,13,0,5
BRDA:140,13,1,0
BRDA:144,14,0,3
BRDA:144,14,1,2
BRDA:164,15,0,1
BRDA:164,15,1,0
BRDA:176,16,0,0
BRDA:176,16,1,11
BRDA:182,17,0,1
BRDA:182,17,1,10
BRDA:186,18,0,1
BRDA:186,18,1,9
BRDA:202,19,0,0
BRDA:202,19,1,6
BRF:38
BRH:26
end_of_record
TN:
SF:C:\Users\romuc\Desktop\DuckFarming_Contracts\contracts\PoolController.sol
FN:19,constructor
FN:24,newPool
FN:34,addPeriod
FN:38,mint
FNF:4
FNH:3
FNDA:3,constructor
FNDA:1,newPool
FNDA:0,addPeriod
FNDA:18,mint
DA:20,3
DA:21,3
DA:25,1
DA:26,1
DA:28,1
DA:29,1
DA:31,1
DA:35,0
DA:39,18
DA:40,18
LF:10
LH:9
BRDA:39,1,0,18
BRDA:39,1,1,0
BRF:2
BRH:1
end_of_record
TN:
SF:C:\Users\romuc\Desktop\DuckFarming_Contracts\contracts\TestToken.sol
FN:8,constructor
FNF:1
FNH:1
FNDA:1,constructor
DA:9,1
LF:1
LH:1
BRF:0
BRH:0
end_of_record
